  Service.cpp
  Matrix4x4.cpp
  Quaternion.cpp
D:\VisualProjects\WaveEngine\KapnackToolBox\src\ServiceProvider\Service.h(3,10): error C1083: Cannot open include file: 'Export.h': No such file or directory
  (compiling source file 'src/ServiceProvider/Service.cpp')
  
D:\VisualProjects\WaveEngine\KapnackToolBox\src\WaveMath\Matrix4x4\Matrix4x4.h(3,10): error C1083: Cannot open include file: 'Export.h': No such file or directory
  (compiling source file 'src/WaveMath/Matrix4x4/Matrix4x4.cpp')
  
D:\VisualProjects\WaveEngine\KapnackToolBox\src\WaveMath\Quaternion\Quaternion.h(3,10): error C1083: Cannot open include file: 'Export.h': No such file or directory
  (compiling source file 'src/WaveMath/Quaternion/Quaternion.cpp')
  
  Transform.cpp
D:\VisualProjects\WaveEngine\KapnackToolBox\src\WaveMath\Transform\Transform.h(3,10): error C1083: Cannot open include file: 'Export.h': No such file or directory
  (compiling source file 'src/WaveMath/Transform/Transform.cpp')
  
  Vector2.cpp
D:\VisualProjects\WaveEngine\KapnackToolBox\src\WaveMath\Vector2\Vector2.h(3,10): error C1083: Cannot open include file: 'Export.h': No such file or directory
  (compiling source file 'src/WaveMath/Vector2/Vector2.cpp')
  
  Vector3.cpp
D:\VisualProjects\WaveEngine\KapnackToolBox\src\WaveMath\Vector3\Vector3.h(3,10): error C1083: Cannot open include file: 'Export.h': No such file or directory
  (compiling source file 'src/WaveMath/Vector3/Vector3.cpp')
  
  Vector4.cpp
D:\VisualProjects\WaveEngine\KapnackToolBox\src\WaveMath\Vector4\Vector4.h(3,10): error C1083: Cannot open include file: 'Export.h': No such file or directory
  (compiling source file 'src/WaveMath/Vector4/Vector4.cpp')
  
  Generating Code...
